# JRE version: OpenJDK Runtime Environment (8.0_242-b01) (build 1.8.0_242-release-1644-b01)
# Java VM: OpenJDK 64-Bit Server VM (25.242-b01 mixed mode windows-amd64 compressed oops)
Heap:
 PSYoungGen      total 562176K, used 548539K [0x00000000d5580000, 0x0000000100000000, 0x0000000100000000)
  eden space 461312K, 97% used [0x00000000d5580000,0x00000000f0cbfae0,0x00000000f1800000)
  from space 100864K, 99% used [0x00000000f9d80000,0x00000000fff256e0,0x0000000100000000)
  to   space 118784K, 0% used [0x00000000f1800000,0x00000000f1800000,0x00000000f8c00000)
 ParOldGen       total 364544K, used 180693K [0x0000000080000000, 0x0000000096400000, 0x00000000d5580000)
  object space 364544K, 49% used [0x0000000080000000,0x000000008b0755f0,0x0000000096400000)
 Metaspace       used 144393K, capacity 151604K, committed 152112K, reserved 1181696K
  class space    used 18258K, capacity 19583K, committed 19760K, reserved 1048576K
GC Heap History (10 events):
Event: 7908.782 GC heap before
{Heap before GC invocations=39 (full 4):
 PSYoungGen      total 475136K, used 409632K [0x00000000d5580000, 0x00000000f7680000, 0x0000000100000000)
  eden space 405504K, 100% used [0x00000000d5580000,0x00000000ee180000,0x00000000ee180000)
  from space 69632K, 5% used [0x00000000f3280000,0x00000000f3688030,0x00000000f7680000)
  to   space 76288K, 0% used [0x00000000ee180000,0x00000000ee180000,0x00000000f2c00000)
 ParOldGen       total 292864K, used 257744K [0x0000000080000000, 0x0000000091e00000, 0x00000000d5580000)
  object space 292864K, 88% used [0x0000000080000000,0x000000008fbb4210,0x0000000091e00000)
 Metaspace       used 140730K, capacity 147912K, committed 148144K, reserved 1177600K
  class space    used 17983K, capacity 19342K, committed 19376K, reserved 1048576K
Event: 7909.628 GC heap after
Heap after GC invocations=39 (full 4):
 PSYoungGen      total 481792K, used 6160K [0x00000000d5580000, 0x00000000f9d80000, 0x0000000100000000)
  eden space 405504K, 0% used [0x00000000d5580000,0x00000000d5580000,0x00000000ee180000)
  from space 76288K, 8% used [0x00000000ee180000,0x00000000ee784030,0x00000000f2c00000)
  to   space 74752K, 0% used [0x00000000f5480000,0x00000000f5480000,0x00000000f9d80000)
 ParOldGen       total 292864K, used 257920K [0x0000000080000000, 0x0000000091e00000, 0x00000000d5580000)
  object space 292864K, 88% used [0x0000000080000000,0x000000008fbe0220,0x0000000091e00000)
 Metaspace       used 140730K, capacity 147912K, committed 148144K, reserved 1177600K
  class space    used 17983K, capacity 19342K, committed 19376K, reserved 1048576K
}
Event: 10521.052 GC heap before
{Heap before GC invocations=40 (full 4):
 PSYoungGen      total 481792K, used 411664K [0x00000000d5580000, 0x00000000f9d80000, 0x0000000100000000)
  eden space 405504K, 100% used [0x00000000d5580000,0x00000000ee180000,0x00000000ee180000)
  from space 76288K, 8% used [0x00000000ee180000,0x00000000ee784030,0x00000000f2c00000)
  to   space 74752K, 0% used [0x00000000f5480000,0x00000000f5480000,0x00000000f9d80000)
 ParOldGen       total 292864K, used 257920K [0x0000000080000000, 0x0000000091e00000, 0x00000000d5580000)
  object space 292864K, 88% used [0x0000000080000000,0x000000008fbe0220,0x0000000091e00000)
 Metaspace       used 141007K, capacity 148196K, committed 148400K, reserved 1177600K
  class space    used 17992K, capacity 19356K, committed 19376K, reserved 1048576K
Event: 10521.480 GC heap after
Heap after GC invocations=40 (full 4):
 PSYoungGen      total 502784K, used 17163K [0x00000000d5580000, 0x00000000f9000000, 0x0000000100000000)
  eden space 441856K, 0% used [0x00000000d5580000,0x00000000d5580000,0x00000000f0500000)
  from space 60928K, 28% used [0x00000000f5480000,0x00000000f6542f40,0x00000000f9000000)
  to   space 71168K, 0% used [0x00000000f0500000,0x00000000f0500000,0x00000000f4a80000)
 ParOldGen       total 292864K, used 257928K [0x0000000080000000, 0x0000000091e00000, 0x00000000d5580000)
  object space 292864K, 88% used [0x0000000080000000,0x000000008fbe2220,0x0000000091e00000)
 Metaspace       used 141007K, capacity 148196K, committed 148400K, reserved 1177600K
  class space    used 17992K, capacity 19356K, committed 19376K, reserved 1048576K
}
Event: 10527.630 GC heap before
{Heap before GC invocations=41 (full 4):
 PSYoungGen      total 502784K, used 459019K [0x00000000d5580000, 0x00000000f9000000, 0x0000000100000000)
  eden space 441856K, 100% used [0x00000000d5580000,0x00000000f0500000,0x00000000f0500000)
  from space 60928K, 28% used [0x00000000f5480000,0x00000000f6542f40,0x00000000f9000000)
  to   space 71168K, 0% used [0x00000000f0500000,0x00000000f0500000,0x00000000f4a80000)
 ParOldGen       total 292864K, used 257928K [0x0000000080000000, 0x0000000091e00000, 0x00000000d5580000)
  object space 292864K, 88% used [0x0000000080000000,0x000000008fbe2220,0x0000000091e00000)
 Metaspace       used 141701K, capacity 149074K, committed 149296K, reserved 1179648K
  class space    used 18055K, capacity 19429K, committed 19504K, reserved 1048576K
Event: 10528.374 GC heap after
Heap after GC invocations=41 (full 4):
 PSYoungGen      total 513024K, used 71160K [0x00000000d5580000, 0x0000000100000000, 0x0000000100000000)
  eden space 441856K, 0% used [0x00000000d5580000,0x00000000d5580000,0x00000000f0500000)
  from space 71168K, 99% used [0x00000000f0500000,0x00000000f4a7e0e8,0x00000000f4a80000)
  to   space 100864K, 0% used [0x00000000f9d80000,0x00000000f9d80000,0x0000000100000000)
 ParOldGen       total 303616K, used 303250K [0x0000000080000000, 0x0000000092880000, 0x00000000d5580000)
  object space 303616K, 99% used [0x0000000080000000,0x0000000092824bf8,0x0000000092880000)
 Metaspace       used 141701K, capacity 149074K, committed 149296K, reserved 1179648K
  class space    used 18055K, capacity 19429K, committed 19504K, reserved 1048576K
}
Event: 10528.375 GC heap before
{Heap before GC invocations=42 (full 5):
 PSYoungGen      total 513024K, used 71160K [0x00000000d5580000, 0x0000000100000000, 0x0000000100000000)
  eden space 441856K, 0% used [0x00000000d5580000,0x00000000d5580000,0x00000000f0500000)
  from space 71168K, 99% used [0x00000000f0500000,0x00000000f4a7e0e8,0x00000000f4a80000)
  to   space 100864K, 0% used [0x00000000f9d80000,0x00000000f9d80000,0x0000000100000000)
 ParOldGen       total 303616K, used 303250K [0x0000000080000000, 0x0000000092880000, 0x00000000d5580000)
  object space 303616K, 99% used [0x0000000080000000,0x0000000092824bf8,0x0000000092880000)
 Metaspace       used 141701K, capacity 149074K, committed 149296K, reserved 1179648K
  class space    used 18055K, capacity 19429K, committed 19504K, reserved 1048576K
Event: 10533.703 GC heap after
Heap after GC invocations=42 (full 5):
 PSYoungGen      total 513024K, used 0K [0x00000000d5580000, 0x0000000100000000, 0x0000000100000000)
  eden space 441856K, 0% used [0x00000000d5580000,0x00000000d5580000,0x00000000f0500000)
  from space 71168K, 0% used [0x00000000f0500000,0x00000000f0500000,0x00000000f4a80000)
  to   space 100864K, 0% used [0x00000000f9d80000,0x00000000f9d80000,0x0000000100000000)
 ParOldGen       total 364544K, used 180677K [0x0000000080000000, 0x0000000096400000, 0x00000000d5580000)
  object space 364544K, 49% used [0x0000000080000000,0x000000008b0715e0,0x0000000096400000)
 Metaspace       used 140847K, capacity 147602K, committed 149296K, reserved 1179648K
  class space    used 17902K, capacity 19148K, committed 19504K, reserved 1048576K
}
Event: 11159.530 GC heap before
{Heap before GC invocations=43 (full 5):
 PSYoungGen      total 513024K, used 441856K [0x00000000d5580000, 0x0000000100000000, 0x0000000100000000)
  eden space 441856K, 100% used [0x00000000d5580000,0x00000000f0500000,0x00000000f0500000)
  from space 71168K, 0% used [0x00000000f0500000,0x00000000f0500000,0x00000000f4a80000)
  to   space 100864K, 0% used [0x00000000f9d80000,0x00000000f9d80000,0x0000000100000000)
 ParOldGen       total 364544K, used 180685K [0x0000000080000000, 0x0000000096400000, 0x00000000d5580000)
  object space 364544K, 49% used [0x0000000080000000,0x000000008b0735f0,0x0000000096400000)
 Metaspace       used 143876K, capacity 151024K, committed 151856K, reserved 1181696K
  class space    used 18220K, capacity 19543K, committed 19760K, reserved 1048576K
Event: 11159.881 GC heap after
Heap after GC invocations=43 (full 5):
 PSYoungGen      total 562176K, used 99989K [0x00000000d5580000, 0x0000000100000000, 0x0000000100000000)
  eden space 461312K, 0% used [0x00000000d5580000,0x00000000d5580000,0x00000000f1800000)
  from space 100864K, 99% used [0x00000000f9d80000,0x00000000fff256e0,0x0000000100000000)
  to   space 118784K, 0% used [0x00000000f1800000,0x00000000f1800000,0x00000000f8c00000)
 ParOldGen       total 364544K, used 180693K [0x0000000080000000, 0x0000000096400000, 0x00000000d5580000)
  object space 364544K, 49% used [0x0000000080000000,0x000000008b0755f0,0x0000000096400000)
 Metaspace       used 143876K, capacity 151024K, committed 151856K, reserved 1181696K
  class space    used 18220K, capacity 19543K, committed 19760K, reserved 1048576K
}

